1552651558529	mozrunner::runner	INFO	Running command: "/usr/bin/firefox" "-marionette" "-foreground" "-no-remote" "-profile" "/tmp/rust_mozprofile.iIg7v8Io8aYN"
1552651560306	addons.webextension.screenshots@mozilla.org	WARN	Loading extension 'screenshots@mozilla.org': Reading manifest: Invalid host permission: resource://pdf.js/
1552651560307	addons.webextension.screenshots@mozilla.org	WARN	Loading extension 'screenshots@mozilla.org': Reading manifest: Invalid host permission: about:reader*

(firefox:3813): Gtk-WARNING **: 09:06:00.790: Theme parsing error: <data>:1:31: Expected ')' in color definition

(firefox:3813): Gtk-WARNING **: 09:06:00.790: Theme parsing error: <data>:1:75: Expected ')' in color definition
1552651563544	Marionette	INFO	Listening on port 37291
1552651563605	Marionette	WARN	TLS certificate errors will be ignored for this session
1552651653848	Marionette	INFO	Stopped listening on port 37291
1552655633311	mozrunner::runner	INFO	Running command: "/usr/bin/firefox" "-marionette" "-foreground" "-no-remote" "-profile" "/tmp/rust_mozprofile.gKa8gdWGDfIG"
1552655633963	addons.webextension.screenshots@mozilla.org	WARN	Loading extension 'screenshots@mozilla.org': Reading manifest: Invalid host permission: resource://pdf.js/
1552655633963	addons.webextension.screenshots@mozilla.org	WARN	Loading extension 'screenshots@mozilla.org': Reading manifest: Invalid host permission: about:reader*

(firefox:7876): Gtk-WARNING **: 10:13:54.371: Theme parsing error: <data>:1:31: Expected ')' in color definition

(firefox:7876): Gtk-WARNING **: 10:13:54.371: Theme parsing error: <data>:1:75: Expected ')' in color definition
1552655636602	Marionette	INFO	Listening on port 40311
1552655636657	Marionette	WARN	TLS certificate errors will be ignored for this session
console.error: BroadcastService: 
  receivedBroadcastMessage: handler for
  remote-settings/monitor_changes
  threw error:
  Message: Error: Polling for changes failed: NetworkError when attempting to fetch resource..
  Stack:
    remoteSettingsFunction/remoteSettings.pollChanges@resource://services-settings/remote-settings.js:188:13

1552655732825	Marionette	INFO	Stopped listening on port 40311
1552655784770	mozrunner::runner	INFO	Running command: "/usr/bin/firefox" "-marionette" "-foreground" "-no-remote" "-profile" "/tmp/rust_mozprofile.OMtXj79JQKV4"
1552655785402	addons.webextension.screenshots@mozilla.org	WARN	Loading extension 'screenshots@mozilla.org': Reading manifest: Invalid host permission: resource://pdf.js/
1552655785404	addons.webextension.screenshots@mozilla.org	WARN	Loading extension 'screenshots@mozilla.org': Reading manifest: Invalid host permission: about:reader*

(firefox:8785): Gtk-WARNING **: 10:16:25.825: Theme parsing error: <data>:1:31: Expected ')' in color definition

(firefox:8785): Gtk-WARNING **: 10:16:25.825: Theme parsing error: <data>:1:75: Expected ')' in color definition
1552655788224	Marionette	INFO	Listening on port 33669
1552655788241	Marionette	WARN	TLS certificate errors will be ignored for this session
console.error: BroadcastService: 
  receivedBroadcastMessage: handler for
  remote-settings/monitor_changes
  threw error:
  Message: Error: Polling for changes failed: NetworkError when attempting to fetch resource..
  Stack:
    remoteSettingsFunction/remoteSettings.pollChanges@resource://services-settings/remote-settings.js:188:13

1552655870279	Marionette	INFO	Stopped listening on port 33669
